<?xml version="1.0" ?>
<!DOCTYPE coverage SYSTEM "http://cobertura.sourceforge.net/xml/coverage-04.dtd">
<coverage lines-valid="7" lines-covered="7" line-rate="1" branches-valid="6" branches-covered="6" branch-rate="1" timestamp="1665566612874" complexity="0" version="0.1">
  <sources>
    <source>/Users/John.Jenkins/projects/stencil-reporters-test</source>
  </sources>
  <packages>
    <package name="components.my-component" line-rate="1" branch-rate="1">
      <classes>
        <class name="my-component.tsx" filename="src/components/my-component/my-component.tsx" line-rate="1" branch-rate="1">
          <methods>
            <method name="(anonymous_1)" hits="2" signature="()V">
              <lines>
                <line number="25" hits="2"/>
              </lines>
            </method>
            <method name="(anonymous_2)" hits="2" signature="()V">
              <lines>
                <line number="29" hits="2"/>
              </lines>
            </method>
          </methods>
          <lines>
            <line number="1" hits="1" branch="false"/>
            <line number="2" hits="1" branch="false"/>
            <line number="4" hits="1" branch="false"/>
            <line number="26" hits="2" branch="false"/>
            <line number="30" hits="2" branch="false"/>
          </lines>
        </class>
      </classes>
    </package>
    <package name="utils" line-rate="1" branch-rate="1">
      <classes>
        <class name="utils.ts" filename="src/utils/utils.ts" line-rate="1" branch-rate="1">
          <methods>
            <method name="format" hits="6" signature="()V">
              <lines>
                <line number="1" hits="6"/>
              </lines>
            </method>
          </methods>
          <lines>
            <line number="1" hits="2" branch="false"/>
            <line number="2" hits="6" branch="true" condition-coverage="100% (6/6)"/>
          </lines>
        </class>
      </classes>
    </package>
  </packages>
</coverage>
